\BOOKMARK [0][-]{chapter*.1}{\376\377\000C\000o\000n\000t\000e\000n\000t\000s}{}% 1
\BOOKMARK [0][-]{chapter*.2}{\376\377\000L\000i\000s\000t\000\040\000o\000f\000\040\000F\000i\000g\000u\000r\000e\000s}{}% 2
\BOOKMARK [0][-]{chapter*.3}{\376\377\000L\000i\000s\000t\000\040\000o\000f\000\040\000L\000i\000s\000t\000i\000n\000g\000s}{}% 3
\BOOKMARK [0][-]{chapter.1}{\376\377\0001\000\040\000I\000n\000t\000r\000o\000d\000u\000c\000t\000i\000o\000n}{}% 4
\BOOKMARK [1][-]{section.1.1}{\376\377\0001\000.\0001\000\040\000H\000o\000w\000\040\000t\000o\000\040\000a\000c\000h\000i\000e\000v\000e\000\040\000R\000e\000s\000p\000o\000n\000s\000i\000v\000e\000\040\000W\000e\000b\000\040\000D\000e\000s\000i\000g\000n}{chapter.1}% 5
\BOOKMARK [1][-]{section.1.2}{\376\377\0001\000.\0002\000\040\000M\000e\000d\000i\000a\000\040\000q\000u\000e\000r\000i\000e\000s}{chapter.1}% 6
\BOOKMARK [1][-]{section.1.3}{\376\377\0001\000.\0003\000\040\000F\000l\000u\000i\000d\000\040\000G\000r\000i\000d\000\040\000L\000a\000y\000o\000u\000t\000s}{chapter.1}% 7
\BOOKMARK [1][-]{section.1.4}{\376\377\0001\000.\0004\000\040\000F\000l\000e\000x\000i\000b\000l\000e\000\040\000i\000m\000a\000g\000e\000s\000\040\000a\000n\000d\000\040\000m\000e\000d\000i\000a}{chapter.1}% 8
\BOOKMARK [2][-]{subsection.1.4.1}{\376\377\0001\000.\0004\000.\0001\000\040\000R\000e\000l\000a\000t\000i\000v\000e\000\040\000m\000e\000a\000s\000u\000r\000e\000m\000e\000n\000t\000s}{section.1.4}% 9
\BOOKMARK [2][-]{subsection.1.4.2}{\376\377\0001\000.\0004\000.\0002\000\040\000C\000r\000o\000p\000p\000i\000n\000g}{section.1.4}% 10
\BOOKMARK [0][-]{chapter.2}{\376\377\0002\000\040\000H\000T\000M\000L\000\040\000T\000a\000b\000l\000e\000s}{}% 11
\BOOKMARK [1][-]{section.2.1}{\376\377\0002\000.\0001\000\040\000S\000t\000r\000u\000c\000t\000u\000r\000e\000\040\000o\000f\000\040\000T\000a\000b\000l\000e\000s}{chapter.2}% 12
\BOOKMARK [0][-]{chapter.3}{\376\377\0003\000\040\000G\000o\000o\000d\000\040\000T\000a\000b\000l\000e\000\040\000D\000e\000s\000i\000g\000n}{}% 13
\BOOKMARK [1][-]{section.3.1}{\376\377\0003\000.\0001\000\040\000A\000l\000t\000e\000r\000n\000a\000t\000e\000\040\000r\000o\000w\000\040\000h\000i\000g\000h\000l\000i\000g\000h\000t\000i\000n\000g}{chapter.3}% 14
\BOOKMARK [1][-]{section.3.2}{\376\377\0003\000.\0002\000\040\000C\000u\000r\000r\000e\000n\000t\000\040\000R\000o\000w\000\040\000H\000i\000g\000h\000l\000i\000g\000h\000t\000i\000n\000g}{chapter.3}% 15
\BOOKMARK [1][-]{section.3.3}{\376\377\0003\000.\0003\000\040\000E\000x\000p\000a\000n\000d\000a\000b\000l\000e\000\040\000A\000r\000e\000a\000s}{chapter.3}% 16
\BOOKMARK [1][-]{section.3.4}{\376\377\0003\000.\0004\000\040\000P\000a\000g\000i\000n\000a\000t\000i\000o\000n\000\040\000\050\000W\000i\000t\000h\000\040\000S\000o\000r\000t\000\040\000a\000n\000d\000\040\000S\000e\000a\000r\000c\000h\000\051}{chapter.3}% 17
\BOOKMARK [0][-]{chapter.4}{\376\377\0004\000\040\000R\000e\000s\000p\000o\000n\000s\000i\000v\000e\000\040\000T\000a\000b\000l\000e\000s}{}% 18
\BOOKMARK [1][-]{section.4.1}{\376\377\0004\000.\0001\000\040\000H\000o\000r\000i\000z\000o\000n\000t\000a\000l\000\040\000S\000c\000r\000o\000l\000l}{chapter.4}% 19
\BOOKMARK [1][-]{section.4.2}{\376\377\0004\000.\0002\000\040\000F\000i\000x\000e\000d\000\040\000H\000e\000a\000d\000e\000r}{chapter.4}% 20
\BOOKMARK [1][-]{section.4.3}{\376\377\0004\000.\0003\000\040\000F\000l\000i\000p\000\040\000S\000c\000r\000o\000l\000l}{chapter.4}% 21
\BOOKMARK [1][-]{section.4.4}{\376\377\0004\000.\0004\000\040\000U\000s\000e\000r\000\040\000R\000e\000s\000i\000z\000e\000a\000b\000l\000e\000\040\000C\000o\000l\000u\000m\000n\000s}{chapter.4}% 22
\BOOKMARK [1][-]{section.4.5}{\376\377\0004\000.\0005\000\040\000L\000o\000n\000g\000\040\000T\000w\000o\000\040\000C\000o\000l\000u\000m\000n}{chapter.4}% 23
\BOOKMARK [0][-]{chapter.5}{\376\377\0005\000\040\000R\000e\000c\000o\000m\000m\000e\000n\000d\000a\000t\000i\000o\000n}{}% 24
\BOOKMARK [1][-]{section.5.1}{\376\377\0005\000.\0001\000\040\000R\000e\000c\000o\000m\000m\000e\000n\000d\000a\000t\000i\000o\000n}{chapter.5}% 25
\BOOKMARK [0][-]{chapter*.37}{\376\377\000B\000i\000b\000l\000i\000o\000g\000r\000a\000p\000h\000y}{}% 26
